#
# A fatal error has been detected by the Java Runtime Environment:
#
#  SIGSEGV (0xb) at pc=0x000000010a7d645c, pid=9924, tid=0x0000000000001c03
#
# JRE version: Java(TM) SE Runtime Environment (8.0_111-b14) (build 1.8.0_111-b14)
# Java VM: Java HotSpot(TM) 64-Bit Server VM (25.111-b14 mixed mode bsd-amd64 compressed oops)
# Problematic frame:
# j  java.lang.String.valueOf(Ljava/lang/Object;)Ljava/lang/String;+10
#
# Failed to write core dump. Core dumps have been disabled. To enable core dumping, try "ulimit -c unlimited" before starting Java again
#
# If you would like to submit a bug report, please visit:
#   http://bugreport.java.com/bugreport/crash.jsp
#

---------------  T H R E A D  ---------------

Current thread (0x00007fb90e003000):  JavaThread "main" [_thread_in_Java, id=7171, stack(0x000070000e69c000,0x000070000e79c000)]

siginfo: si_signo: 11 (SIGSEGV), si_code: 1 (SEGV_MAPERR), si_addr: 0x000000023a29c780

Registers:
RAX=0x0000000000000000, RBX=0x0000000000000002, RCX=0x000000023a29c778, RDX=0x0000000080000001
RSP=0x000070000e79b7b0, RBP=0x000070000e79b800, RSI=0x0000000000000007, RDI=0x00007fb90e003000
R8 =0x000070000e79b2a8, R9 =0x0000000000000000, R10=0x00000001085ae6f0, R11=0x000000010a8c8018
R12=0x0000000000000000, R13=0x000000011d7ba0ba, R14=0x000070000e79b810, R15=0x00007fb90e003000
RIP=0x000000010a7d645c, EFLAGS=0x0000000000010246, ERR=0x0000000000000004
  TRAPNO=0x000000000000000e

Top of Stack: (sp=0x000070000e79b7b0)
0x000070000e79b7b0:   000000010a7bb040 000000023a29c778
0x000070000e79b7c0:   000070000e79b7c0 000000011d7ba0ba
0x000070000e79b7d0:   000070000e79b810 000000011d861b58
0x000070000e79b7e0:   0000000000000000 000000011d7ba0c8
0x000070000e79b7f0:   0000000000000000 000070000e79b810
0x000070000e79b800:   000070000e79b860 000000010a7bb040
0x000070000e79b810:   000000023a29c778 0000000795794750
0x000070000e79b820:   000070000e79b820 000000011d82b312
0x000070000e79b830:   000070000e79b878 000000011d8d0900
0x000070000e79b840:   0000000000000000 000000011d82b320
0x000070000e79b850:   000070000e79b810 000070000e79b870
0x000070000e79b860:   000070000e79b8c8 000000010a7bb040
0x000070000e79b870:   000000023a29c778 0000000795794750
0x000070000e79b880:   000000079559ff68 000070000e79b888
0x000070000e79b890:   000000011dbb60d0 000070000e79b948
0x000070000e79b8a0:   000000011dbb6338 0000000000000000
0x000070000e79b8b0:   000000011dbb62e0 000070000e79b870
0x000070000e79b8c0:   000070000e79b948 000070000e79b9b0
0x000070000e79b8d0:   000000010a7b37a7 0000000000000000
0x000070000e79b8e0:   0000000000000000 0000000000000000
0x000070000e79b8f0:   0000000000000000 0000000000000000
0x000070000e79b900:   0000000000000000 0000000000000000
0x000070000e79b910:   0000000000000008 0000000000000000
0x000070000e79b920:   0000000000000010 0000000000000000
0x000070000e79b930:   00000007957940f0 0000000795588970
0x000070000e79b940:   0000000795790380 000000079578ef50
0x000070000e79b950:   0000000100001fa0 000000000000000a
0x000070000e79b960:   00007fb90e003000 0000000000000001
0x000070000e79b970:   000000010a7b371f 000000011dbb62e0
0x000070000e79b980:   000070000e79ba48 000070000e79bdd0
0x000070000e79b990:   000000010000000a 000000011dbb62e0
0x000070000e79b9a0:   000000010a7c5c80 000070000e79bb88 

Instructions: (pc=0x000000010a7d645c)
0x000000010a7d643c:   10 4c 8b 68 d8 41 83 ed 04 41 c1 e5 03 49 03 c5
0x000000010a7d644c:   48 89 45 e0 4c 8d 6c 24 08 4c 89 6d f0 ff 63 50
0x000000010a7d645c:   8b 41 08 48 c1 e0 03 4c 8b 75 e0 4d 85 f6 0f 84
0x000000010a7d646c:   95 00 00 00 49 8b 56 10 48 3b d0 0f 85 0f 00 00 

Register to memory mapping:

RAX=0x0000000000000000 is an unknown value
RBX=0x0000000000000002 is an unknown value
RCX=0x000000023a29c778 is an unknown value
RDX=0x0000000080000001 is an unknown value
RSP=0x000070000e79b7b0 is pointing into the stack for thread: 0x00007fb90e003000
RBP=0x000070000e79b800 is pointing into the stack for thread: 0x00007fb90e003000
RSI=0x0000000000000007 is an unknown value
RDI=0x00007fb90e003000 is a thread
R8 =0x000070000e79b2a8 is pointing into the stack for thread: 0x00007fb90e003000
R9 =0x0000000000000000 is an unknown value
R10=0x00000001085ae6f0: _ZN19TemplateInterpreter20_invoke_return_entryE+0 in /Library/Java/JavaVirtualMachines/jdk1.8.0_111.jdk/Contents/Home/jre/lib/server/libjvm.dylib at 0x0000000107cbd000
R11=0x000000010a8c8018 is at entry_point+24 in (nmethod*)0x000000010a8c7e90
R12=0x0000000000000000 is an unknown value
R13=0x000000011d7ba0ba is pointing into metadata
R14=0x000070000e79b810 is pointing into the stack for thread: 0x00007fb90e003000
R15=0x00007fb90e003000 is a thread


Stack: [0x000070000e69c000,0x000070000e79c000],  sp=0x000070000e79b7b0,  free space=1021k
Native frames: (J=compiled Java code, j=interpreted, Vv=VM code, C=native code)
j  java.lang.String.valueOf(Ljava/lang/Object;)Ljava/lang/String;+10
j  java.lang.StringBuilder.append(Ljava/lang/Object;)Ljava/lang/StringBuilder;+2
j  microBenchmark.UnsafeTest.main([Ljava/lang/String;)V+120
v  ~StubRoutines::call_stub
V  [libjvm.dylib+0x2ecf8a]  JavaCalls::call_helper(JavaValue*, methodHandle*, JavaCallArguments*, Thread*)+0x6ae
V  [libjvm.dylib+0x323d82]  jni_invoke_static(JNIEnv_*, JavaValue*, _jobject*, JNICallType, _jmethodID*, JNI_ArgumentPusher*, Thread*)+0x1bf
V  [libjvm.dylib+0x31caf9]  jni_CallStaticVoidMethod+0x15d
C  [java+0x3931]  JavaMain+0x9c4
C  [libsystem_pthread.dylib+0x393b]  _pthread_body+0xb4
C  [libsystem_pthread.dylib+0x3887]  _pthread_body+0x0
C  [libsystem_pthread.dylib+0x308d]  thread_start+0xd
C  0x0000000000000000


---------------  P R O C E S S  ---------------

Java Threads: ( => current thread )
  0x00007fb90e0ce800 JavaThread "Service Thread" daemon [_thread_blocked, id=19203, stack(0x000070000f3c3000,0x000070000f4c3000)]
  0x00007fb90e03f000 JavaThread "C1 CompilerThread2" daemon [_thread_blocked, id=18691, stack(0x000070000f2c0000,0x000070000f3c0000)]
  0x00007fb90f097000 JavaThread "C2 CompilerThread1" daemon [_thread_blocked, id=18179, stack(0x000070000f1bd000,0x000070000f2bd000)]
  0x00007fb90f80f800 JavaThread "C2 CompilerThread0" daemon [_thread_blocked, id=17667, stack(0x000070000f0ba000,0x000070000f1ba000)]
  0x00007fb90f80c000 JavaThread "Monitor Ctrl-Break" daemon [_thread_in_native, id=17155, stack(0x000070000efb7000,0x000070000f0b7000)]
  0x00007fb90e80e800 JavaThread "Signal Dispatcher" daemon [_thread_blocked, id=16643, stack(0x000070000eeb4000,0x000070000efb4000)]
  0x00007fb90e807000 JavaThread "Finalizer" daemon [_thread_blocked, id=12547, stack(0x000070000edb1000,0x000070000eeb1000)]
  0x00007fb90f806000 JavaThread "Reference Handler" daemon [_thread_blocked, id=12035, stack(0x000070000ecae000,0x000070000edae000)]
=>0x00007fb90e003000 JavaThread "main" [_thread_in_Java, id=7171, stack(0x000070000e69c000,0x000070000e79c000)]

Other Threads:
  0x00007fb90f803000 VMThread [stack: 0x000070000ebab000,0x000070000ecab000] [id=11523]
  0x00007fb90e0d1000 WatcherThread [stack: 0x000070000f4c6000,0x000070000f5c6000] [id=19715]

VM state:not at safepoint (normal execution)

VM Mutex/Monitor currently owned by a thread: None

Heap:
 PSYoungGen      total 38400K, used 3328K [0x0000000795580000, 0x0000000798000000, 0x00000007c0000000)
  eden space 33280K, 10% used [0x0000000795580000,0x00000007958c00e8,0x0000000797600000)
  from space 5120K, 0% used [0x0000000797b00000,0x0000000797b00000,0x0000000798000000)
  to   space 5120K, 0% used [0x0000000797600000,0x0000000797600000,0x0000000797b00000)
 ParOldGen       total 87552K, used 0K [0x0000000740000000, 0x0000000745580000, 0x0000000795580000)
  object space 87552K, 0% used [0x0000000740000000,0x0000000740000000,0x0000000745580000)
 Metaspace       used 3331K, capacity 4500K, committed 4864K, reserved 1056768K
  class space    used 374K, capacity 388K, committed 512K, reserved 1048576K

Card table byte_map: [0x00000001099c0000,0x0000000109dc1000] byte_map_base: 0x0000000105fc0000

Marking Bits: (ParMarkBitMap*) 0x00000001085acd20
 Begin Bits: [0x00000001197b3000, 0x000000011b7b3000)
 End Bits:   [0x000000011b7b3000, 0x000000011d7b3000)

Polling page: 0x0000000108ca1000

CodeCache: size=245760Kb used=1110Kb max_used=1110Kb free=244649Kb
 bounds [0x000000010a7b3000, 0x000000010aa23000, 0x00000001197b3000]
 total_blobs=273 nmethods=26 adapters=162
 compilation: enabled

Compilation events (10 events):
Event: 0.240 Thread 0x00007fb90e03f000   21       1       java.util.ArrayList::size (5 bytes)
Event: 0.240 Thread 0x00007fb90e03f000 nmethod 21 0x000000010a8c6dd0 code [0x000000010a8c6f20, 0x000000010a8c7030]
Event: 0.240 Thread 0x00007fb90e03f000   18       1       java.lang.ThreadLocal::access$400 (5 bytes)
Event: 0.240 Thread 0x00007fb90e03f000 nmethod 18 0x000000010a8c7090 code [0x000000010a8c71e0, 0x000000010a8c72d0]
Event: 0.240 Thread 0x00007fb90e03f000   14       3       java.lang.ref.Reference::<init> (25 bytes)
Event: 0.241 Thread 0x00007fb90e03f000 nmethod 14 0x000000010a8c7350 code [0x000000010a8c74c0, 0x000000010a8c7710]
Event: 0.241 Thread 0x00007fb90e03f000   23       3       java.lang.ThreadLocal::get (38 bytes)
Event: 0.241 Thread 0x00007fb90e03f000 nmethod 23 0x000000010a8c77d0 code [0x000000010a8c7960, 0x000000010a8c7cb8]
Event: 0.242 Thread 0x00007fb90e03f000   24       3       java.util.concurrent.ConcurrentHashMap::tabAt (21 bytes)
Event: 0.243 Thread 0x00007fb90e03f000 nmethod 24 0x000000010a8c8210 code [0x000000010a8c8380, 0x000000010a8c85b0]

GC Heap History (0 events):
No events

Deoptimization events (0 events):
No events

Internal exceptions (2 events):
Event: 0.083 Thread 0x00007fb90e003000 Exception <a 'java/lang/NoSuchMethodError': Method sun.misc.Unsafe.defineClass(Ljava/lang/String;[BII)Ljava/lang/Class; name or signature does not match> (0x0000000795587c78) thrown at [/Users/java_re/workspace/8-2-build-macosx-x86_64/jdk8u111/7883/hotspo
Event: 0.083 Thread 0x00007fb90e003000 Exception <a 'java/lang/NoSuchMethodError': Method sun.misc.Unsafe.prefetchRead(Ljava/lang/Object;J)V name or signature does not match> (0x0000000795587f60) thrown at [/Users/java_re/workspace/8-2-build-macosx-x86_64/jdk8u111/7883/hotspot/src/share/vm/pri

Events (10 events):
Event: 0.242 loading class sun/reflect/UnsafeQualifiedStaticObjectFieldAccessorImpl
Event: 0.242 loading class sun/reflect/UnsafeQualifiedStaticFieldAccessorImpl
Event: 0.243 loading class sun/reflect/UnsafeQualifiedStaticFieldAccessorImpl done
Event: 0.243 loading class sun/reflect/UnsafeQualifiedStaticObjectFieldAccessorImpl done
Event: 0.243 loading class java/util/HashMap$EntrySet
Event: 0.243 loading class java/util/HashMap$EntrySet done
Event: 0.243 loading class java/util/HashMap$EntryIterator
Event: 0.243 loading class java/util/HashMap$HashIterator
Event: 0.243 loading class java/util/HashMap$HashIterator done
Event: 0.243 loading class java/util/HashMap$EntryIterator done


Dynamic libraries:
0x0000000013055000 	/System/Library/Frameworks/Cocoa.framework/Versions/A/Cocoa
0x0000000013055000 	/System/Library/Frameworks/Security.framework/Versions/A/Security
0x0000000013055000 	/System/Library/Frameworks/ApplicationServices.framework/Versions/A/ApplicationServices
0x0000000013055000 	/usr/lib/libz.1.dylib
0x0000000013055000 	/usr/lib/libSystem.B.dylib
0x0000000013055000 	/usr/lib/libobjc.A.dylib
0x0000000013055000 	/System/Library/Frameworks/CoreFoundation.framework/Versions/A/CoreFoundation
0x0000000013055000 	/System/Library/Frameworks/Foundation.framework/Versions/C/Foundation
0x0000000013055000 	/System/Library/Frameworks/AppKit.framework/Versions/C/AppKit
0x0000000013055000 	/System/Library/Frameworks/CoreData.framework/Versions/A/CoreData
0x0000000013055000 	/System/Library/PrivateFrameworks/RemoteViewServices.framework/Versions/A/RemoteViewServices
0x0000000013055000 	/System/Library/PrivateFrameworks/UIFoundation.framework/Versions/A/UIFoundation
0x0000000013055000 	/System/Library/PrivateFrameworks/DFRFoundation.framework/Versions/A/DFRFoundation
0x0000000013055000 	/usr/lib/libenergytrace.dylib
0x0000000013055000 	/System/Library/PrivateFrameworks/SkyLight.framework/Versions/A/SkyLight
0x0000000013055000 	/System/Library/Frameworks/CoreGraphics.framework/Versions/A/CoreGraphics
0x0000000013055000 	/usr/lib/libScreenReader.dylib
0x0000000013055000 	/System/Library/Frameworks/Accelerate.framework/Versions/A/Accelerate
0x0000000013055000 	/System/Library/Frameworks/IOSurface.framework/Versions/A/IOSurface
0x0000000013055000 	/System/Library/Frameworks/AudioToolbox.framework/Versions/A/AudioToolbox
0x0000000013055000 	/System/Library/Frameworks/AudioUnit.framework/Versions/A/AudioUnit
0x0000000013055000 	/System/Library/PrivateFrameworks/DataDetectorsCore.framework/Versions/A/DataDetectorsCore
0x0000000013055000 	/System/Library/PrivateFrameworks/DesktopServicesPriv.framework/Versions/A/DesktopServicesPriv
0x0000000013055000 	/System/Library/Frameworks/Carbon.framework/Versions/A/Frameworks/HIToolbox.framework/Versions/A/HIToolbox
0x0000000013055000 	/usr/lib/libicucore.A.dylib
0x0000000013055000 	/System/Library/Frameworks/QuartzCore.framework/Versions/A/QuartzCore
0x0000000013055000 	/System/Library/Frameworks/Carbon.framework/Versions/A/Frameworks/SpeechRecognition.framework/Versions/A/SpeechRecognition
0x0000000013055000 	/usr/lib/libauto.dylib
0x0000000013055000 	/usr/lib/libxml2.2.dylib
0x0000000013055000 	/System/Library/PrivateFrameworks/CoreUI.framework/Versions/A/CoreUI
0x0000000013055000 	/System/Library/Frameworks/CoreAudio.framework/Versions/A/CoreAudio
0x0000000013055000 	/System/Library/Frameworks/DiskArbitration.framework/Versions/A/DiskArbitration
0x0000000013055000 	/usr/lib/liblangid.dylib
0x0000000013055000 	/System/Library/PrivateFrameworks/MultitouchSupport.framework/Versions/A/MultitouchSupport
0x0000000013055000 	/System/Library/Frameworks/IOKit.framework/Versions/A/IOKit
0x0000000013055000 	/usr/lib/libDiagnosticMessagesClient.dylib
0x0000000013055000 	/System/Library/Frameworks/CoreServices.framework/Versions/A/CoreServices
0x0000000013055000 	/System/Library/PrivateFrameworks/PerformanceAnalysis.framework/Versions/A/PerformanceAnalysis
0x0000000013055000 	/System/Library/PrivateFrameworks/GenerationalStorage.framework/Versions/A/GenerationalStorage
0x0000000013055000 	/System/Library/Frameworks/OpenGL.framework/Versions/A/OpenGL
0x0000000013055000 	/System/Library/Frameworks/CoreImage.framework/Versions/A/CoreImage
0x0000000013055000 	/System/Library/Frameworks/CoreText.framework/Versions/A/CoreText
0x0000000013055000 	/System/Library/Frameworks/ImageIO.framework/Versions/A/ImageIO
0x0000000013055000 	/System/Library/PrivateFrameworks/Backup.framework/Versions/A/Backup
0x0000000013055000 	/usr/lib/libarchive.2.dylib
0x0000000013055000 	/System/Library/Frameworks/CFNetwork.framework/Versions/A/CFNetwork
0x0000000013055000 	/System/Library/Frameworks/SystemConfiguration.framework/Versions/A/SystemConfiguration
0x0000000013055000 	/usr/lib/libCRFSuite.dylib
0x0000000013055000 	/usr/lib/libc++.1.dylib
0x0000000013055000 	/usr/lib/libc++abi.dylib
0x0000000013055000 	/usr/lib/system/libcache.dylib
0x0000000013055000 	/usr/lib/system/libcommonCrypto.dylib
0x0000000013055000 	/usr/lib/system/libcompiler_rt.dylib
0x0000000013055000 	/usr/lib/system/libcopyfile.dylib
0x0000000013055000 	/usr/lib/system/libcorecrypto.dylib
0x0000000013055000 	/usr/lib/system/libdispatch.dylib
0x0000000013055000 	/usr/lib/system/libdyld.dylib
0x0000000013055000 	/usr/lib/system/libkeymgr.dylib
0x0000000013055000 	/usr/lib/system/liblaunch.dylib
0x0000000013055000 	/usr/lib/system/libmacho.dylib
0x0000000013055000 	/usr/lib/system/libquarantine.dylib
0x0000000013055000 	/usr/lib/system/libremovefile.dylib
0x0000000013055000 	/usr/lib/system/libsystem_asl.dylib
0x0000000013055000 	/usr/lib/system/libsystem_blocks.dylib
0x0000000013055000 	/usr/lib/system/libsystem_c.dylib
0x0000000013055000 	/usr/lib/system/libsystem_configuration.dylib
0x0000000013055000 	/usr/lib/system/libsystem_coreservices.dylib
0x0000000013055000 	/usr/lib/system/libsystem_coretls.dylib
0x0000000013055000 	/usr/lib/system/libsystem_dnssd.dylib
0x0000000013055000 	/usr/lib/system/libsystem_info.dylib
0x0000000013055000 	/usr/lib/system/libsystem_kernel.dylib
0x0000000013055000 	/usr/lib/system/libsystem_m.dylib
0x0000000013055000 	/usr/lib/system/libsystem_malloc.dylib
0x0000000013055000 	/usr/lib/system/libsystem_network.dylib
0x0000000013055000 	/usr/lib/system/libsystem_networkextension.dylib
0x0000000013055000 	/usr/lib/system/libsystem_notify.dylib
0x0000000013055000 	/usr/lib/system/libsystem_platform.dylib
0x0000000013055000 	/usr/lib/system/libsystem_pthread.dylib
0x0000000013055000 	/usr/lib/system/libsystem_sandbox.dylib
0x0000000013055000 	/usr/lib/system/libsystem_secinit.dylib
0x0000000013055000 	/usr/lib/system/libsystem_symptoms.dylib
0x0000000013055000 	/usr/lib/system/libsystem_trace.dylib
0x0000000013055000 	/usr/lib/system/libunwind.dylib
0x0000000013055000 	/usr/lib/system/libxpc.dylib
0x0000000013055000 	/usr/lib/libbsm.0.dylib
0x0000000013055000 	/usr/lib/system/libkxld.dylib
0x0000000013055000 	/usr/lib/libcoretls.dylib
0x0000000013055000 	/usr/lib/libcoretls_cfhelpers.dylib
0x0000000013055000 	/usr/lib/libOpenScriptingUtil.dylib
0x0000000013055000 	/usr/lib/libpam.2.dylib
0x0000000013055000 	/usr/lib/libsqlite3.dylib
0x0000000013055000 	/usr/lib/libxar.1.dylib
0x0000000013055000 	/usr/lib/libbz2.1.0.dylib
0x0000000013055000 	/usr/lib/liblzma.5.dylib
0x0000000013055000 	/usr/lib/libnetwork.dylib
0x0000000013055000 	/usr/lib/libpcap.A.dylib
0x0000000013055000 	/System/Library/Frameworks/CoreServices.framework/Versions/A/Frameworks/FSEvents.framework/Versions/A/FSEvents
0x0000000013055000 	/System/Library/Frameworks/CoreServices.framework/Versions/A/Frameworks/CarbonCore.framework/Versions/A/CarbonCore
0x0000000013055000 	/System/Library/Frameworks/CoreServices.framework/Versions/A/Frameworks/Metadata.framework/Versions/A/Metadata
0x0000000013055000 	/System/Library/Frameworks/CoreServices.framework/Versions/A/Frameworks/OSServices.framework/Versions/A/OSServices
0x0000000013055000 	/System/Library/Frameworks/CoreServices.framework/Versions/A/Frameworks/SearchKit.framework/Versions/A/SearchKit
0x0000000013055000 	/System/Library/Frameworks/CoreServices.framework/Versions/A/Frameworks/AE.framework/Versions/A/AE
0x0000000013055000 	/System/Library/Frameworks/CoreServices.framework/Versions/A/Frameworks/LaunchServices.framework/Versions/A/LaunchServices
0x0000000013055000 	/System/Library/Frameworks/CoreServices.framework/Versions/A/Frameworks/DictionaryServices.framework/Versions/A/DictionaryServices
0x0000000013055000 	/System/Library/Frameworks/CoreServices.framework/Versions/A/Frameworks/SharedFileList.framework/Versions/A/SharedFileList
0x0000000013055000 	/System/Library/Frameworks/NetFS.framework/Versions/A/NetFS
0x0000000013055000 	/System/Library/PrivateFrameworks/NetAuth.framework/Versions/A/NetAuth
0x0000000013055000 	/System/Library/PrivateFrameworks/login.framework/Versions/A/Frameworks/loginsupport.framework/Versions/A/loginsupport
0x0000000013055000 	/System/Library/PrivateFrameworks/TCC.framework/Versions/A/TCC
0x0000000013055000 	/usr/lib/libmecabra.dylib
0x0000000013055000 	/System/Library/Frameworks/ApplicationServices.framework/Versions/A/Frameworks/ATS.framework/Versions/A/ATS
0x0000000013055000 	/System/Library/Frameworks/ApplicationServices.framework/Versions/A/Frameworks/ColorSync.framework/Versions/A/ColorSync
0x0000000013055000 	/System/Library/Frameworks/ApplicationServices.framework/Versions/A/Frameworks/HIServices.framework/Versions/A/HIServices
0x0000000013055000 	/System/Library/Frameworks/ApplicationServices.framework/Versions/A/Frameworks/LangAnalysis.framework/Versions/A/LangAnalysis
0x0000000013055000 	/System/Library/Frameworks/ApplicationServices.framework/Versions/A/Frameworks/PrintCore.framework/Versions/A/PrintCore
0x0000000013055000 	/System/Library/Frameworks/ApplicationServices.framework/Versions/A/Frameworks/QD.framework/Versions/A/QD
0x0000000013055000 	/System/Library/Frameworks/ApplicationServices.framework/Versions/A/Frameworks/SpeechSynthesis.framework/Versions/A/SpeechSynthesis
0x0000000013055000 	/System/Library/Frameworks/Accelerate.framework/Versions/A/Frameworks/vImage.framework/Versions/A/vImage
0x0000000013055000 	/System/Library/Frameworks/Accelerate.framework/Versions/A/Frameworks/vecLib.framework/Versions/A/vecLib
0x0000000013055000 	/System/Library/Frameworks/Accelerate.framework/Versions/A/Frameworks/vecLib.framework/Versions/A/libvDSP.dylib
0x0000000013055000 	/System/Library/Frameworks/Accelerate.framework/Versions/A/Frameworks/vecLib.framework/Versions/A/libBNNS.dylib
0x0000000013055000 	/System/Library/Frameworks/Accelerate.framework/Versions/A/Frameworks/vecLib.framework/Versions/A/libQuadrature.dylib
0x0000000013055000 	/System/Library/Frameworks/Accelerate.framework/Versions/A/Frameworks/vecLib.framework/Versions/A/libvMisc.dylib
0x0000000013055000 	/System/Library/Frameworks/Accelerate.framework/Versions/A/Frameworks/vecLib.framework/Versions/A/libLAPACK.dylib
0x0000000013055000 	/System/Library/Frameworks/Accelerate.framework/Versions/A/Frameworks/vecLib.framework/Versions/A/libBLAS.dylib
0x0000000013055000 	/System/Library/Frameworks/Accelerate.framework/Versions/A/Frameworks/vecLib.framework/Versions/A/libLinearAlgebra.dylib
0x0000000013055000 	/System/Library/Frameworks/Accelerate.framework/Versions/A/Frameworks/vecLib.framework/Versions/A/libSparseBLAS.dylib
0x0000000013055000 	/System/Library/Frameworks/ApplicationServices.framework/Versions/A/Frameworks/ATS.framework/Versions/A/Resources/libFontParser.dylib
0x0000000013055000 	/System/Library/Frameworks/ApplicationServices.framework/Versions/A/Frameworks/ATS.framework/Versions/A/Resources/libFontRegistry.dylib
0x0000000013055000 	/System/Library/Frameworks/ImageIO.framework/Versions/A/Resources/libJPEG.dylib
0x0000000013055000 	/System/Library/Frameworks/ImageIO.framework/Versions/A/Resources/libTIFF.dylib
0x0000000013055000 	/System/Library/Frameworks/ImageIO.framework/Versions/A/Resources/libPng.dylib
0x0000000013055000 	/System/Library/Frameworks/ImageIO.framework/Versions/A/Resources/libGIF.dylib
0x0000000013055000 	/System/Library/Frameworks/ImageIO.framework/Versions/A/Resources/libJP2.dylib
0x0000000013055000 	/System/Library/Frameworks/ImageIO.framework/Versions/A/Resources/libRadiance.dylib
0x0000000013055000 	/usr/lib/libcompression.dylib
0x0000000013055000 	/System/Library/PrivateFrameworks/AppleJPEG.framework/Versions/A/AppleJPEG
0x0000000013055000 	/usr/lib/libcups.2.dylib
0x0000000013055000 	/System/Library/Frameworks/Kerberos.framework/Versions/A/Kerberos
0x0000000013055000 	/System/Library/Frameworks/GSS.framework/Versions/A/GSS
0x0000000013055000 	/usr/lib/libresolv.9.dylib
0x0000000013055000 	/usr/lib/libiconv.2.dylib
0x0000000013055000 	/System/Library/PrivateFrameworks/Heimdal.framework/Versions/A/Heimdal
0x0000000013055000 	/usr/lib/libheimdal-asn1.dylib
0x0000000013055000 	/System/Library/Frameworks/OpenDirectory.framework/Versions/A/OpenDirectory
0x0000000013055000 	/System/Library/PrivateFrameworks/CommonAuth.framework/Versions/A/CommonAuth
0x0000000013055000 	/System/Library/Frameworks/OpenDirectory.framework/Versions/A/Frameworks/CFOpenDirectory.framework/Versions/A/CFOpenDirectory
0x0000000013055000 	/System/Library/Frameworks/SecurityFoundation.framework/Versions/A/SecurityFoundation
0x0000000013055000 	/System/Library/PrivateFrameworks/LanguageModeling.framework/Versions/A/LanguageModeling
0x0000000013055000 	/usr/lib/libmarisa.dylib
0x0000000013055000 	/usr/lib/libChineseTokenizer.dylib
0x0000000013055000 	/usr/lib/libcmph.dylib
0x0000000013055000 	/System/Library/PrivateFrameworks/CoreEmoji.framework/Versions/A/CoreEmoji
0x0000000013055000 	/System/Library/Frameworks/ServiceManagement.framework/Versions/A/ServiceManagement
0x0000000013055000 	/usr/lib/libxslt.1.dylib
0x0000000013055000 	/System/Library/Frameworks/Carbon.framework/Versions/A/Frameworks/Ink.framework/Versions/A/Ink
0x0000000013055000 	/System/Library/PrivateFrameworks/TextureIO.framework/Versions/A/TextureIO
0x0000000013055000 	/System/Library/Frameworks/Metal.framework/Versions/A/Metal
0x0000000013055000 	/usr/lib/libate.dylib
0x0000000013055000 	/System/Library/PrivateFrameworks/GPUCompiler.framework/libmetal_timestamp.dylib
0x0000000013055000 	/System/Library/Frameworks/OpenGL.framework/Versions/A/Libraries/libCoreFSCache.dylib
0x0000000013055000 	/System/Library/PrivateFrameworks/IOAccelerator.framework/Versions/A/IOAccelerator
0x0000000013055000 	/System/Library/Frameworks/CoreVideo.framework/Versions/A/CoreVideo
0x0000000013055000 	/usr/lib/libFosl_dynamic.dylib
0x0000000013055000 	/System/Library/PrivateFrameworks/MetalPerformanceShaders.framework/Versions/A/MetalPerformanceShaders
0x0000000013055000 	/System/Library/PrivateFrameworks/FaceCore.framework/Versions/A/FaceCore
0x0000000013055000 	/System/Library/Frameworks/OpenCL.framework/Versions/A/OpenCL
0x0000000013055000 	/System/Library/Frameworks/OpenGL.framework/Versions/A/Libraries/libGLU.dylib
0x0000000013055000 	/System/Library/Frameworks/OpenGL.framework/Versions/A/Libraries/libGFXShared.dylib
0x0000000013055000 	/System/Library/Frameworks/OpenGL.framework/Versions/A/Libraries/libGL.dylib
0x0000000013055000 	/System/Library/Frameworks/OpenGL.framework/Versions/A/Libraries/libGLImage.dylib
0x0000000013055000 	/System/Library/Frameworks/OpenGL.framework/Versions/A/Libraries/libCVMSPluginSupport.dylib
0x0000000013055000 	/System/Library/Frameworks/OpenGL.framework/Versions/A/Libraries/libCoreVMClient.dylib
0x0000000013055000 	/System/Library/PrivateFrameworks/CrashReporterSupport.framework/Versions/A/CrashReporterSupport
0x0000000013055000 	/System/Library/PrivateFrameworks/Sharing.framework/Versions/A/Sharing
0x0000000013055000 	/System/Library/PrivateFrameworks/IconServices.framework/Versions/A/IconServices
0x0000000013055000 	/System/Library/PrivateFrameworks/ProtocolBuffer.framework/Versions/A/ProtocolBuffer
0x0000000013055000 	/System/Library/PrivateFrameworks/Apple80211.framework/Versions/A/Apple80211
0x0000000013055000 	/System/Library/Frameworks/CoreWLAN.framework/Versions/A/CoreWLAN
0x0000000013055000 	/System/Library/PrivateFrameworks/CoreUtils.framework/Versions/A/CoreUtils
0x0000000013055000 	/System/Library/Frameworks/IOBluetooth.framework/Versions/A/IOBluetooth
0x0000000013055000 	/System/Library/PrivateFrameworks/CoreWiFi.framework/Versions/A/CoreWiFi
0x0000000013055000 	/System/Library/Frameworks/CoreBluetooth.framework/Versions/A/CoreBluetooth
0x0000000013055000 	/System/Library/Frameworks/CoreDisplay.framework/Versions/A/CoreDisplay
0x0000000013055000 	/System/Library/PrivateFrameworks/IOPresentment.framework/Versions/A/IOPresentment
0x0000000013055000 	/System/Library/PrivateFrameworks/DSExternalDisplay.framework/Versions/A/DSExternalDisplay
0x0000000013055000 	/System/Library/PrivateFrameworks/DebugSymbols.framework/Versions/A/DebugSymbols
0x0000000013055000 	/System/Library/PrivateFrameworks/CoreSymbolication.framework/Versions/A/CoreSymbolication
0x0000000013055000 	/System/Library/PrivateFrameworks/Symbolication.framework/Versions/A/Symbolication
0x0000000013055000 	/System/Library/PrivateFrameworks/AppleFSCompression.framework/Versions/A/AppleFSCompression
0x0000000013055000 	/System/Library/PrivateFrameworks/SpeechRecognitionCore.framework/Versions/A/SpeechRecognitionCore
0x0000000013055000 	/System/Library/PrivateFrameworks/ChunkingLibrary.framework/Versions/A/ChunkingLibrary
0x0000000107c79000 	/System/Library/CoreServices/Encodings/libSimplifiedChineseConverter.dylib
0x0000000107cbd000 	/Library/Java/JavaVirtualMachines/jdk1.8.0_111.jdk/Contents/Home/jre/lib/server/libjvm.dylib
0x0000000013055000 	/usr/lib/libstdc++.6.dylib
0x0000000108c5e000 	/Library/Java/JavaVirtualMachines/jdk1.8.0_111.jdk/Contents/Home/jre/lib/libverify.dylib
0x0000000108c6c000 	/Library/Java/JavaVirtualMachines/jdk1.8.0_111.jdk/Contents/Home/jre/lib/libjava.dylib
0x0000000108ca2000 	/Library/Java/JavaVirtualMachines/jdk1.8.0_111.jdk/Contents/Home/jre/lib/libinstrument.dylib
0x0000000108d00000 	/Library/Java/JavaVirtualMachines/jdk1.8.0_111.jdk/Contents/Home/jre/lib/libzip.dylib
0x000000011eed3000 	/System/Library/Frameworks/JavaVM.framework/Frameworks/JavaRuntimeSupport.framework/JavaRuntimeSupport
0x000000011eeed000 	/System/Library/Frameworks/JavaVM.framework/Versions/A/Frameworks/JavaNativeFoundation.framework/Versions/A/JavaNativeFoundation
0x000000011ef02000 	/System/Library/Frameworks/JavaVM.framework/Versions/A/JavaVM
0x0000000013055000 	/System/Library/Frameworks/Carbon.framework/Versions/A/Carbon
0x000000011ef0f000 	/System/Library/PrivateFrameworks/JavaLaunching.framework/Versions/A/JavaLaunching
0x0000000013055000 	/System/Library/Frameworks/Carbon.framework/Versions/A/Frameworks/CommonPanels.framework/Versions/A/CommonPanels
0x0000000013055000 	/System/Library/Frameworks/Carbon.framework/Versions/A/Frameworks/Help.framework/Versions/A/Help
0x0000000013055000 	/System/Library/Frameworks/Carbon.framework/Versions/A/Frameworks/ImageCapture.framework/Versions/A/ImageCapture
0x0000000013055000 	/System/Library/Frameworks/Carbon.framework/Versions/A/Frameworks/OpenScripting.framework/Versions/A/OpenScripting
0x0000000013055000 	/System/Library/Frameworks/Carbon.framework/Versions/A/Frameworks/Print.framework/Versions/A/Print
0x0000000013055000 	/System/Library/Frameworks/Carbon.framework/Versions/A/Frameworks/SecurityHI.framework/Versions/A/SecurityHI
0x00000001209a8000 	/Library/Java/JavaVirtualMachines/jdk1.8.0_111.jdk/Contents/Home/jre/lib/libnet.dylib

VM Arguments:
jvm_args: -javaagent:/Applications/IntelliJ IDEA.app/Contents/lib/idea_rt.jar=65531:/Applications/IntelliJ IDEA.app/Contents/bin -Dfile.encoding=UTF-8 
java_command: microBenchmark.UnsafeTest
java_class_path (initial): /Library/Java/JavaVirtualMachines/jdk1.8.0_111.jdk/Contents/Home/jre/lib/charsets.jar:/Library/Java/JavaVirtualMachines/jdk1.8.0_111.jdk/Contents/Home/jre/lib/deploy.jar:/Library/Java/JavaVirtualMachines/jdk1.8.0_111.jdk/Contents/Home/jre/lib/ext/cldrdata.jar:/Library/Java/JavaVirtualMachines/jdk1.8.0_111.jdk/Contents/Home/jre/lib/ext/dnsns.jar:/Library/Java/JavaVirtualMachines/jdk1.8.0_111.jdk/Contents/Home/jre/lib/ext/jaccess.jar:/Library/Java/JavaVirtualMachines/jdk1.8.0_111.jdk/Contents/Home/jre/lib/ext/jfxrt.jar:/Library/Java/JavaVirtualMachines/jdk1.8.0_111.jdk/Contents/Home/jre/lib/ext/localedata.jar:/Library/Java/JavaVirtualMachines/jdk1.8.0_111.jdk/Contents/Home/jre/lib/ext/nashorn.jar:/Library/Java/JavaVirtualMachines/jdk1.8.0_111.jdk/Contents/Home/jre/lib/ext/sunec.jar:/Library/Java/JavaVirtualMachines/jdk1.8.0_111.jdk/Contents/Home/jre/lib/ext/sunjce_provider.jar:/Library/Java/JavaVirtualMachines/jdk1.8.0_111.jdk/Contents/Home/jre/lib/ext/sunpkcs11.jar:/Library/Java/JavaVirtualMachines/jdk1.8.0_111.jdk/Contents/Home/jre/lib/ext/zipfs.jar:/Library/Java/JavaVirtualMachines/jdk1.8.0_111.jdk/Contents/Home/jre/lib/javaws.jar:/Library/Java/JavaVirtualMachines/jdk1.8.0_111.jdk/Contents/Home/jre/lib/jce.jar:/Library/Java/JavaVirtualMachines/jdk1.8.0_111.jdk/Contents/Home/jre/lib/jfr.jar:/Library/Java/JavaVirtualMachines/jdk1.8.0_111.jdk/Contents/Home/jre/lib/jfxswt.jar:/Library/Java/JavaVirtualMachines/jdk1.8.0_111.jdk/Contents/Home/jre/lib/jsse.jar:/Library/Java/JavaVirtualMachines/jdk1.8.0_111.jdk/Contents/Home/jre/lib/management-agent.jar:/Library/Java/JavaVirtualMachines/jdk1.8.0_111.jdk/Contents/Home/jre/lib/plugin.jar:/Library/Java/JavaVirtualMachines/jdk1.8.0_111.jdk/Contents/Home/jre/lib/resources.jar:/Library/Java/JavaVirtualMachines/jdk1.8.0_111.jdk/Contents/Home/jre/lib/rt.jar:/Library/Java/JavaVirtualMachines/jdk1.8.0_111.jdk/Contents/Home/lib/ant-javafx.jar:/Library/Java/JavaVirtualMachines/jdk1.8.0_111.jdk/Contents/Home
Launcher Type: SUN_STANDARD

Environment Variables:
JAVA_HOME=/Library/Java/JavaVirtualMachines/jdk1.8.0_111.jdk/Contents/Home
CLASSPATH=.:/Library/Java/JavaVirtualMachines/jdk1.8.0_111.jdk/Contents/Home/lib/dt.jar:/Library/Java/JavaVirtualMachines/jdk1.8.0_111.jdk/Contents/Home/lib/tools.jar
PATH=/Users/husterfox/env/scala-2.12.1/bin:/Library/Java/JavaVirtualMachines/jdk1.8.0_111.jdk/Contents/Home/bin:/Users/husterfox/bin:/usr/local/bin:/usr/local/bin:/usr/bin:/bin:/usr/sbin:/sbin:/opt/X11/bin:/Library/Frameworks/Mono.framework/Versions/Current/Commands:/Applications/Wireshark.app/Contents/MacOS
SHELL=/bin/zsh
DISPLAY=/private/tmp/com.apple.launchd.nknWxp9Pzj/org.macosforge.xquartz:0

Signal Handlers:
SIGSEGV: [libjvm.dylib+0x5b03ed], sa_mask[0]=11111111011111110111111111111111, sa_flags=SA_ONSTACK|SA_RESTART|SA_SIGINFO
SIGBUS: [libjvm.dylib+0x5b03ed], sa_mask[0]=11111111011111110111111111111111, sa_flags=SA_RESTART|SA_SIGINFO
SIGFPE: [libjvm.dylib+0x48711c], sa_mask[0]=11111111011111110111111111111111, sa_flags=SA_RESTART|SA_SIGINFO
SIGPIPE: [libjvm.dylib+0x48711c], sa_mask[0]=11111111011111110111111111111111, sa_flags=SA_RESTART|SA_SIGINFO
SIGXFSZ: [libjvm.dylib+0x48711c], sa_mask[0]=11111111011111110111111111111111, sa_flags=SA_RESTART|SA_SIGINFO
SIGILL: [libjvm.dylib+0x48711c], sa_mask[0]=11111111011111110111111111111111, sa_flags=SA_RESTART|SA_SIGINFO
SIGUSR1: SIG_DFL, sa_mask[0]=00000000000000000000000000000000, sa_flags=none
SIGUSR2: [libjvm.dylib+0x486c3a], sa_mask[0]=00100000000000000000000000000000, sa_flags=SA_RESTART|SA_SIGINFO
SIGHUP: [libjvm.dylib+0x485211], sa_mask[0]=11111111011111110111111111111111, sa_flags=SA_RESTART|SA_SIGINFO
SIGINT: [libjvm.dylib+0x485211], sa_mask[0]=11111111011111110111111111111111, sa_flags=SA_RESTART|SA_SIGINFO
SIGTERM: [libjvm.dylib+0x485211], sa_mask[0]=11111111011111110111111111111111, sa_flags=SA_RESTART|SA_SIGINFO
SIGQUIT: [libjvm.dylib+0x485211], sa_mask[0]=11111111011111110111111111111111, sa_flags=SA_RESTART|SA_SIGINFO


---------------  S Y S T E M  ---------------

OS:Bsduname:Darwin 16.7.0 Darwin Kernel Version 16.7.0: Wed Oct  4 00:17:00 PDT 2017; root:xnu-3789.71.6~1/RELEASE_X86_64 x86_64
rlimit: STACK 8192k, CORE 0k, NPROC 709, NOFILE 10240, AS infinity
load average:4.10 2.95 2.26

CPU:total 4 (2 cores per cpu, 2 threads per core) family 6 model 78 stepping 3, cmov, cx8, fxsr, mmx, sse, sse2, sse3, ssse3, sse4.1, sse4.2, popcnt, avx, avx2, aes, clmul, erms, 3dnowpref, lzcnt, ht, tsc, tscinvbit, bmi1, bmi2, adx

Memory: 4k page, physical 8388608k(194320k free)

/proc/meminfo:


vm_info: Java HotSpot(TM) 64-Bit Server VM (25.111-b14) for bsd-amd64 JRE (1.8.0_111-b14), built on Sep 22 2016 15:31:41 by "java_re" with gcc 4.2.1 (Based on Apple Inc. build 5658) (LLVM build 2336.11.00)

time: Mon Nov 20 16:24:19 2017
elapsed time: 0 seconds (0d 0h 0m 0s)

